Flow report for HexpointThermostat
Sat Dec 23 14:47:37 2017
Quartus Prime Version 17.1.0 Build 590 10/25/2017 SJ Lite Edition


---------------------
; Table of Contents ;
---------------------
  1. Legal Notice
  2. Flow Summary
  3. Flow Settings
  4. Flow Non-Default Global Settings
  5. Flow Elapsed Time
  6. Flow OS Summary
  7. Flow Log
  8. Flow Messages
  9. Flow Suppressed Messages



----------------
; Legal Notice ;
----------------
Copyright (C) 2017  Intel Corporation. All rights reserved.
Your use of Intel Corporation's design tools, logic functions 
and other software and tools, and its AMPP partner logic 
functions, and any output files from any of the foregoing 
(including device programming or simulation files), and any 
associated documentation or information are expressly subject 
to the terms and conditions of the Intel Program License 
Subscription Agreement, the Intel Quartus Prime License Agreement,
the Intel FPGA IP License Agreement, or other applicable license
agreement, including, without limitation, that your use is for
the sole purpose of programming logic devices manufactured by
Intel and sold by Intel or its authorized distributors.  Please
refer to the applicable agreement for further details.



+---------------------------------------------------------------------+
; Flow Summary                                                        ;
+-----------------------+---------------------------------------------+
; Flow Status           ; Successful - Sat Dec 23 14:47:37 2017       ;
; Quartus Prime Version ; 17.1.0 Build 590 10/25/2017 SJ Lite Edition ;
; Revision Name         ; HexpointThermostat                          ;
; Top-level Entity Name ; HexpointThermostat                          ;
; Family                ; MAX V                                       ;
; Device                ; 5M570ZT100C5                                ;
; Timing Models         ; Final                                       ;
; Total logic elements  ; 298 / 570 ( 52 % )                          ;
; Total pins            ; 38 / 74 ( 51 % )                            ;
; Total virtual pins    ; 0                                           ;
; UFM blocks            ; 0 / 1 ( 0 % )                               ;
+-----------------------+---------------------------------------------+


+-----------------------------------------+
; Flow Settings                           ;
+-------------------+---------------------+
; Option            ; Setting             ;
+-------------------+---------------------+
; Start date & time ; 12/23/2017 14:47:05 ;
; Main task         ; Compilation         ;
; Revision Name     ; HexpointThermostat  ;
+-------------------+---------------------+


+---------------------------------------------------------------------------------------------------------------+
; Flow Non-Default Global Settings                                                                              ;
+-------------------------------+--------------------------------+---------------+-------------+----------------+
; Assignment Name               ; Value                          ; Default Value ; Entity Name ; Section Id     ;
+-------------------------------+--------------------------------+---------------+-------------+----------------+
; COMPILER_SIGNATURE_ID         ; 22727985108119.151405842509600 ; --            ; --          ; --             ;
; EDA_OUTPUT_DATA_FORMAT        ; Vhdl                           ; --            ; --          ; eda_simulation ;
; EDA_SIMULATION_TOOL           ; ModelSim-Altera (VHDL)         ; <None>        ; --          ; --             ;
; EDA_TIME_SCALE                ; 1 ps                           ; --            ; --          ; eda_simulation ;
; MAX_CORE_JUNCTION_TEMP        ; 85                             ; --            ; --          ; --             ;
; MIN_CORE_JUNCTION_TEMP        ; 0                              ; --            ; --          ; --             ;
; MISC_FILE                     ; StoP.bsf                       ; --            ; --          ; --             ;
; MISC_FILE                     ; StoP.cmp                       ; --            ; --          ; --             ;
; MISC_FILE                     ; compare13bits.bsf              ; --            ; --          ; --             ;
; MISC_FILE                     ; compare13bits.cmp              ; --            ; --          ; --             ;
; MISC_FILE                     ; add13bits.bsf                  ; --            ; --          ; --             ;
; MISC_FILE                     ; add13bits.cmp                  ; --            ; --          ; --             ;
; POWER_PRESET_COOLING_SOLUTION ; No Heat Sink With Still Air    ; --            ; --          ; --             ;
; PROJECT_OUTPUT_DIRECTORY      ; output_files                   ; --            ; --          ; --             ;
+-------------------------------+--------------------------------+---------------+-------------+----------------+


+-------------------------------------------------------------------------------------------------------------------------------+
; Flow Elapsed Time                                                                                                             ;
+---------------------------+--------------+-------------------------+---------------------+------------------------------------+
; Module Name               ; Elapsed Time ; Average Processors Used ; Peak Virtual Memory ; Total CPU Time (on all processors) ;
+---------------------------+--------------+-------------------------+---------------------+------------------------------------+
; Analysis & Synthesis      ; 00:00:14     ; 1.0                     ; 670 MB              ; 00:00:30                           ;
; Fitter                    ; 00:00:03     ; 1.0                     ; 967 MB              ; 00:00:04                           ;
; Assembler                 ; 00:00:01     ; 1.0                     ; 541 MB              ; 00:00:01                           ;
; TimeQuest Timing Analyzer ; 00:00:01     ; 1.0                     ; 546 MB              ; 00:00:01                           ;
; EDA Netlist Writer        ; 00:00:01     ; 1.0                     ; 505 MB              ; 00:00:01                           ;
; EDA Netlist Writer        ; 00:00:01     ; 1.0                     ; 495 MB              ; 00:00:01                           ;
; EDA Netlist Writer        ; 00:00:01     ; 1.0                     ; 503 MB              ; 00:00:01                           ;
; Total                     ; 00:00:22     ; --                      ; --                  ; 00:00:39                           ;
+---------------------------+--------------+-------------------------+---------------------+------------------------------------+


+-----------------------------------------------------------------------------------------+
; Flow OS Summary                                                                         ;
+---------------------------+------------------+------------+------------+----------------+
; Module Name               ; Machine Hostname ; OS Name    ; OS Version ; Processor type ;
+---------------------------+------------------+------------+------------+----------------+
; Analysis & Synthesis      ; DESKTOP-NOG70O1  ; Windows 10 ; 10.0       ; x86_64         ;
; Fitter                    ; DESKTOP-NOG70O1  ; Windows 10 ; 10.0       ; x86_64         ;
; Assembler                 ; DESKTOP-NOG70O1  ; Windows 10 ; 10.0       ; x86_64         ;
; TimeQuest Timing Analyzer ; DESKTOP-NOG70O1  ; Windows 10 ; 10.0       ; x86_64         ;
; EDA Netlist Writer        ; DESKTOP-NOG70O1  ; Windows 10 ; 10.0       ; x86_64         ;
; EDA Netlist Writer        ; DESKTOP-NOG70O1  ; Windows 10 ; 10.0       ; x86_64         ;
; EDA Netlist Writer        ; DESKTOP-NOG70O1  ; Windows 10 ; 10.0       ; x86_64         ;
+---------------------------+------------------+------------+------------+----------------+


------------
; Flow Log ;
------------
quartus_map --read_settings_files=on --write_settings_files=off HexpointThermostat -c HexpointThermostat
quartus_fit --read_settings_files=off --write_settings_files=off HexpointThermostat -c HexpointThermostat
quartus_asm --read_settings_files=off --write_settings_files=off HexpointThermostat -c HexpointThermostat
quartus_sta HexpointThermostat -c HexpointThermostat
quartus_eda --read_settings_files=off --write_settings_files=off HexpointThermostat -c HexpointThermostat
quartus_eda --gen_testbench --tool=modelsim_oem --format=verilog --write_settings_files=off HexpointThermostat -c HexpointThermostat --vector_source=C:/intelFPGA_lite/17.1/HexpointThermostat/Waveform.vwf --testbench_file=C:/intelFPGA_lite/17.1/HexpointThermostat/simulation/qsim/Waveform.vwf.vt
quartus_eda --write_settings_files=off --simulation=on --functional=on --flatten_buses=off --tool=modelsim_oem --format=verilog --output_directory=C:/intelFPGA_lite/17.1/HexpointThermostat/simulation/qsim/ HexpointThermostat -c HexpointThermostat



